2020-07-08 21:32:01,188 - root - INFO - ############################### START ###############################
2020-07-08 21:32:06,012 - root - INFO - SUCCESS    Start a new browser: chrome, Spend 4.822839736938477 seconds
2020-07-08 21:32:06,207 - root - INFO - SUCCESS    Set browser window maximized, Spend 0.19348382949829102 seconds
2020-07-08 21:32:10,436 - root - INFO - SUCCESS    Navigated to http://localhost/admin/login, Spend 4.227891445159912 seconds
2020-07-08 21:32:15,484 - root - INFO - FAIL    Unable to type element: <name->name> content: superadmin, Spend 5.048382997512817 seconds
2020-07-08 21:32:17,747 - root - INFO - SUCCESS    Closed all window and quit the driver, Spend 2.2621686458587646 seconds
2020-07-08 21:32:17,750 - root - INFO - ###############################  End  ###############################
2020-07-08 21:32:17,775 - root - INFO - ############################### START ###############################
2020-07-08 21:32:19,341 - root - INFO - SUCCESS    Start a new browser: chrome, Spend 1.5650603771209717 seconds
2020-07-08 21:32:19,499 - root - INFO - SUCCESS    Set browser window maximized, Spend 0.15696406364440918 seconds
2020-07-08 21:32:23,737 - root - INFO - SUCCESS    Navigated to http://localhost/admin/login, Spend 4.2380921840667725 seconds
2020-07-08 21:32:28,816 - root - INFO - FAIL    Unable to type element: <name->name> content: , Spend 5.077685594558716 seconds
2020-07-08 21:32:31,184 - root - INFO - SUCCESS    Closed all window and quit the driver, Spend 2.366029739379883 seconds
2020-07-08 21:32:31,186 - root - INFO - ###############################  End  ###############################
2020-07-08 21:32:31,189 - root - INFO - ############################### START ###############################
2020-07-08 21:32:32,736 - root - INFO - SUCCESS    Start a new browser: chrome, Spend 1.5458831787109375 seconds
2020-07-08 21:32:33,016 - root - INFO - SUCCESS    Set browser window maximized, Spend 0.2790036201477051 seconds
2020-07-08 21:32:37,240 - root - INFO - SUCCESS    Navigated to http://localhost/admin/login, Spend 4.2240190505981445 seconds
2020-07-08 21:32:42,335 - root - INFO - FAIL    Unable to type element: <name->name> content: super, Spend 5.094703912734985 seconds
2020-07-08 21:32:44,546 - root - INFO - SUCCESS    Closed all window and quit the driver, Spend 2.2116036415100098 seconds
2020-07-08 21:32:44,546 - root - INFO - ###############################  End  ###############################
2020-07-08 21:35:46,965 - root - INFO - ############################### START ###############################
2020-07-08 21:35:48,575 - root - INFO - SUCCESS    Start a new browser: chrome, Spend 1.6098718643188477 seconds
2020-07-08 21:35:48,749 - root - INFO - SUCCESS    Set browser window maximized, Spend 0.17463040351867676 seconds
2020-07-08 21:35:53,000 - root - INFO - SUCCESS    Navigated to http://localhost/admin/login, Spend 4.250147819519043 seconds
2020-07-08 21:35:58,119 - root - INFO - FAIL    Unable to type element: <name->name> content: superadmin, Spend 5.117506980895996 seconds
2020-07-08 21:36:00,312 - root - INFO - SUCCESS    Closed all window and quit the driver, Spend 2.193013906478882 seconds
2020-07-08 21:36:00,312 - root - INFO - ###############################  End  ###############################
2020-07-08 21:36:00,312 - root - INFO - ############################### START ###############################
2020-07-08 21:36:01,844 - root - INFO - SUCCESS    Start a new browser: chrome, Spend 1.5308589935302734 seconds
2020-07-08 21:36:02,054 - root - INFO - SUCCESS    Set browser window maximized, Spend 0.2104647159576416 seconds
2020-07-08 21:36:06,294 - root - INFO - SUCCESS    Navigated to http://localhost/admin/login, Spend 4.238947868347168 seconds
2020-07-08 21:36:11,444 - root - INFO - FAIL    Unable to type element: <name->name> content: , Spend 5.149857997894287 seconds
2020-07-08 21:36:13,691 - root - INFO - SUCCESS    Closed all window and quit the driver, Spend 2.24604868888855 seconds
2020-07-08 21:36:13,693 - root - INFO - ###############################  End  ###############################
2020-07-08 21:36:13,697 - root - INFO - ############################### START ###############################
2020-07-08 21:36:15,201 - root - INFO - SUCCESS    Start a new browser: chrome, Spend 1.5039877891540527 seconds
2020-07-08 21:36:15,349 - root - INFO - SUCCESS    Set browser window maximized, Spend 0.1466054916381836 seconds
2020-07-08 21:36:19,604 - root - INFO - SUCCESS    Navigated to http://localhost/admin/login, Spend 4.254528760910034 seconds
2020-07-08 21:36:24,690 - root - INFO - FAIL    Unable to type element: <name->name> content: super, Spend 5.08611273765564 seconds
2020-07-08 21:36:26,899 - root - INFO - SUCCESS    Closed all window and quit the driver, Spend 2.207695245742798 seconds
2020-07-08 21:36:26,900 - root - INFO - ###############################  End  ###############################
2020-07-08 21:37:59,425 - root - INFO - ############################### START ###############################
2020-07-08 21:38:01,138 - root - INFO - SUCCESS    Start a new browser: chrome, Spend 1.7119886875152588 seconds
2020-07-08 21:38:01,298 - root - INFO - SUCCESS    Set browser window maximized, Spend 0.15856409072875977 seconds
2020-07-08 21:38:04,406 - root - INFO - SUCCESS    Navigated to http://localhost/admin/login, Spend 3.106597661972046 seconds
2020-07-08 21:38:04,583 - root - INFO - SUCCESS    Typed element: <name->name> content: superadmin, Spend 0.1765291690826416 seconds
2020-07-08 21:38:04,713 - root - INFO - SUCCESS    Typed element: <name->pass> content: 123456, Spend 0.1296536922454834 seconds
2020-07-08 21:38:05,487 - root - INFO - SUCCESS    Clicked element: <name->submit>, Spend 0.7719354629516602 seconds
2020-07-08 21:38:07,494 - root - INFO - SUCCESS    Get current window title, Spend 0.005936145782470703 seconds
2020-07-08 21:38:09,712 - root - INFO - SUCCESS    Closed all window and quit the driver, Spend 2.2170205116271973 seconds
2020-07-08 21:38:09,713 - root - INFO - ###############################  End  ###############################
2020-07-08 21:38:09,714 - root - INFO - ############################### START ###############################
2020-07-08 21:38:11,278 - root - INFO - SUCCESS    Start a new browser: chrome, Spend 1.564493179321289 seconds
2020-07-08 21:38:11,433 - root - INFO - SUCCESS    Set browser window maximized, Spend 0.15420985221862793 seconds
2020-07-08 21:38:11,753 - root - INFO - SUCCESS    Navigated to http://localhost/admin/login, Spend 0.3166346549987793 seconds
2020-07-08 21:38:11,820 - root - INFO - SUCCESS    Typed element: <name->name> content: , Spend 0.06481432914733887 seconds
2020-07-08 21:38:11,885 - root - INFO - SUCCESS    Typed element: <name->pass> content: , Spend 0.06482720375061035 seconds
2020-07-08 21:38:12,134 - root - INFO - SUCCESS    Clicked element: <name->submit>, Spend 0.2473454475402832 seconds
2020-07-08 21:38:14,141 - root - INFO - SUCCESS    Get current window title, Spend 0.005974292755126953 seconds
2020-07-08 21:38:16,338 - root - INFO - SUCCESS    Closed all window and quit the driver, Spend 2.1952250003814697 seconds
2020-07-08 21:38:16,340 - root - INFO - ###############################  End  ###############################
2020-07-08 21:38:16,342 - root - INFO - ############################### START ###############################
2020-07-08 21:38:17,893 - root - INFO - SUCCESS    Start a new browser: chrome, Spend 1.5508441925048828 seconds
2020-07-08 21:38:18,043 - root - INFO - SUCCESS    Set browser window maximized, Spend 0.14760422706604004 seconds
2020-07-08 21:38:18,340 - root - INFO - SUCCESS    Navigated to http://localhost/admin/login, Spend 0.2971963882446289 seconds
2020-07-08 21:38:18,441 - root - INFO - SUCCESS    Typed element: <name->name> content: super, Spend 0.0987253189086914 seconds
2020-07-08 21:38:18,547 - root - INFO - SUCCESS    Typed element: <name->pass> content: 123456, Spend 0.10571670532226562 seconds
2020-07-08 21:38:18,807 - root - INFO - SUCCESS    Clicked element: <name->submit>, Spend 0.2593212127685547 seconds
2020-07-08 21:38:20,818 - root - INFO - SUCCESS    Get current window title, Spend 0.0 seconds
2020-07-08 21:38:23,034 - root - INFO - SUCCESS    Closed all window and quit the driver, Spend 2.2145612239837646 seconds
2020-07-08 21:38:23,036 - root - INFO - ###############################  End  ###############################
